stdio    D         file_stdio.c:109  file_stdio_fopen                 [   0.00000] opening C:\Workspace\GravitySimulator\GravitySimulator\Debug\allegro5.cfg r
system   D            wsystem.c:721  maybe_parent_dir                 [   0.00000] Also searching C:\Workspace\GravitySimulator\GravitySimulator\
system   D            wsystem.c:771  _al_win_safe_load_library        [   0.00000] PathFindOnPath found: C:\WINDOWS\system32\shcore.dll
system   D            wsystem.c:682  load_library_at_path             [   0.00000] Calling LoadLibrary C:\WINDOWS\system32\shcore.dll
system   I            wsystem.c:685  load_library_at_path             [   0.00000] Loaded C:\WINDOWS\system32\shcore.dll
system   I             system.c:257  al_install_system                [   0.00000] Allegro version: 5.2.2
dtor     D               dtor.c:196  _al_register_destructor          [   0.00022] added dtor for timer 00F684E8, func 0F9B1735
system   D            wsystem.c:721  maybe_parent_dir                 [   0.00032] Also searching C:\Workspace\GravitySimulator\GravitySimulator\
system   D            wsystem.c:771  _al_win_safe_load_library        [   0.00045] PathFindOnPath found: C:\WINDOWS\system32\d3d9.dll
system   D            wsystem.c:682  load_library_at_path             [   0.00047] Calling LoadLibrary C:\WINDOWS\system32\d3d9.dll
system   I            wsystem.c:685  load_library_at_path             [   0.00360] Loaded C:\WINDOWS\system32\d3d9.dll
d3d      I         d3d_disp.cpp:674  d3d_init_display                 [   0.03902] Render-to-texture: 1
d3d      I         d3d_disp.cpp:1769 d3d_create_display_locked        [   0.03938] faux_fullscreen=0
d3d      D         d3d_disp.cpp:1770 d3d_create_display_locked        [   0.03941] al_display=00FD64E0
d3d      D         d3d_disp.cpp:1771 d3d_create_display_locked        [   0.03943] al_display->vt=00FF21C8
d3d      I d3d_display_formats.cpp:144  _al_d3d_generate_display_format_list [   0.04987] found 128 format combinations
display  D   display_settings.c:212  debug_display_settings           [   0.04992] color: 32 (rgba 8880), depth: 0, stencil: 0, acc: 0000, samples: 0/0
display  D   display_settings.c:527  _al_score_display_settings       [   0.04994] Score is : 897
display  D   display_settings.c:212  debug_display_settings           [   0.04997] color: 32 (rgba 8880), depth: 0, stencil: 0, acc: 0000, samples: 0/0
display  D   display_settings.c:527  _al_score_display_settings       [   0.05000] Score is : 897
display  D   display_settings.c:212  debug_display_settings           [   0.05002] color: 32 (rgba 8880), depth: 0, stencil: 0, acc: 0000, samples: 2/1
display  D   display_settings.c:527  _al_score_display_settings       [   0.05004] Score is : 726
display  D   display_settings.c:212  debug_display_settings           [   0.05006] color: 32 (rgba 8880), depth: 0, stencil: 0, acc: 0000, samples: 3/1
display  D   display_settings.c:527  _al_score_display_settings       [   0.05009] Score is : 721
display  D   display_settings.c:212  debug_display_settings           [   0.05010] color: 32 (rgba 8880), depth: 24, stencil: 8, acc: 0000, samples: 0/0
display  D   display_settings.c:527  _al_score_display_settings       [   0.05013] Score is : 897
display  D   display_settings.c:212  debug_display_settings           [   0.05015] color: 32 (rgba 8880), depth: 24, stencil: 8, acc: 0000, samples: 0/0
display  D   display_settings.c:527  _al_score_display_settings       [   0.05017] Score is : 897
display  D   display_settings.c:212  debug_display_settings           [   0.05019] color: 32 (rgba 8880), depth: 24, stencil: 8, acc: 0000, samples: 2/1
display  D   display_settings.c:527  _al_score_display_settings       [   0.05021] Score is : 726
display  D   display_settings.c:212  debug_display_settings           [   0.05023] color: 32 (rgba 8880), depth: 24, stencil: 8, acc: 0000, samples: 3/1
display  D   display_settings.c:527  _al_score_display_settings       [   0.05026] Score is : 721
display  D   display_settings.c:212  debug_display_settings           [   0.05027] color: 32 (rgba 8880), depth: 24, stencil: 0, acc: 0000, samples: 0/0
display  D   display_settings.c:527  _al_score_display_settings       [   0.05035] Score is : 897
display  D   display_settings.c:212  debug_display_settings           [   0.05037] color: 32 (rgba 8880), depth: 24, stencil: 0, acc: 0000, samples: 0/0
display  D   display_settings.c:527  _al_score_display_settings       [   0.05040] Score is : 897
display  D   display_settings.c:212  debug_display_settings           [   0.05043] color: 32 (rgba 8880), depth: 24, stencil: 0, acc: 0000, samples: 2/1
display  D   display_settings.c:527  _al_score_display_settings       [   0.05046] Score is : 726
display  D   display_settings.c:212  debug_display_settings           [   0.05047] color: 32 (rgba 8880), depth: 24, stencil: 0, acc: 0000, samples: 3/1
display  D   display_settings.c:527  _al_score_display_settings       [   0.05051] Score is : 721
display  D   display_settings.c:212  debug_display_settings           [   0.05053] color: 32 (rgba 8880), depth: 16, stencil: 0, acc: 0000, samples: 0/0
display  D   display_settings.c:527  _al_score_display_settings       [   0.05055] Score is : 897
display  D   display_settings.c:212  debug_display_settings           [   0.05057] color: 32 (rgba 8880), depth: 16, stencil: 0, acc: 0000, samples: 0/0
display  D   display_settings.c:527  _al_score_display_settings       [   0.05060] Score is : 897
display  D   display_settings.c:212  debug_display_settings           [   0.05061] color: 32 (rgba 8880), depth: 16, stencil: 0, acc: 0000, samples: 2/1
display  D   display_settings.c:527  _al_score_display_settings       [   0.05064] Score is : 726
display  D   display_settings.c:212  debug_display_settings           [   0.05066] color: 32 (rgba 8880), depth: 16, stencil: 0, acc: 0000, samples: 3/1
display  D   display_settings.c:527  _al_score_display_settings       [   0.05068] Score is : 721
display  D   display_settings.c:212  debug_display_settings           [   0.05070] color: 16 (rgba 5650), depth: 0, stencil: 0, acc: 0000, samples: 0/0
display  D   display_settings.c:527  _al_score_display_settings       [   0.05073] Score is : 897
display  D   display_settings.c:212  debug_display_settings           [   0.05076] color: 16 (rgba 5650), depth: 0, stencil: 0, acc: 0000, samples: 0/0
display  D   display_settings.c:527  _al_score_display_settings       [   0.05078] Score is : 897
display  D   display_settings.c:212  debug_display_settings           [   0.05080] color: 16 (rgba 5650), depth: 0, stencil: 0, acc: 0000, samples: 2/1
display  D   display_settings.c:527  _al_score_display_settings       [   0.05083] Score is : 726
display  D   display_settings.c:212  debug_display_settings           [   0.05086] color: 16 (rgba 5650), depth: 0, stencil: 0, acc: 0000, samples: 3/1
display  D   display_settings.c:527  _al_score_display_settings       [   0.05090] Score is : 721
display  D   display_settings.c:212  debug_display_settings           [   0.05092] color: 16 (rgba 5650), depth: 24, stencil: 8, acc: 0000, samples: 0/0
display  D   display_settings.c:527  _al_score_display_settings       [   0.05096] Score is : 897
display  D   display_settings.c:212  debug_display_settings           [   0.05099] color: 16 (rgba 5650), depth: 24, stencil: 8, acc: 0000, samples: 0/0
display  D   display_settings.c:527  _al_score_display_settings       [   0.05102] Score is : 897
display  D   display_settings.c:212  debug_display_settings           [   0.05105] color: 16 (rgba 5650), depth: 24, stencil: 8, acc: 0000, samples: 2/1
display  D   display_settings.c:527  _al_score_display_settings       [   0.05109] Score is : 726
display  D   display_settings.c:212  debug_display_settings           [   0.05111] color: 16 (rgba 5650), depth: 24, stencil: 8, acc: 0000, samples: 3/1
display  D   display_settings.c:527  _al_score_display_settings       [   0.05115] Score is : 721
display  D   display_settings.c:212  debug_display_settings           [   0.05118] color: 16 (rgba 5650), depth: 24, stencil: 0, acc: 0000, samples: 0/0
display  D   display_settings.c:527  _al_score_display_settings       [   0.05121] Score is : 897
display  D   display_settings.c:212  debug_display_settings           [   0.05125] color: 16 (rgba 5650), depth: 24, stencil: 0, acc: 0000, samples: 0/0
display  D   display_settings.c:527  _al_score_display_settings       [   0.05128] Score is : 897
display  D   display_settings.c:212  debug_display_settings           [   0.05131] color: 16 (rgba 5650), depth: 24, stencil: 0, acc: 0000, samples: 2/1
display  D   display_settings.c:527  _al_score_display_settings       [   0.05135] Score is : 726
display  D   display_settings.c:212  debug_display_settings           [   0.05138] color: 16 (rgba 5650), depth: 24, stencil: 0, acc: 0000, samples: 3/1
display  D   display_settings.c:527  _al_score_display_settings       [   0.05142] Score is : 721
display  D   display_settings.c:212  debug_display_settings           [   0.05145] color: 16 (rgba 5650), depth: 16, stencil: 0, acc: 0000, samples: 0/0
display  D   display_settings.c:527  _al_score_display_settings       [   0.05148] Score is : 897
display  D   display_settings.c:212  debug_display_settings           [   0.05151] color: 16 (rgba 5650), depth: 16, stencil: 0, acc: 0000, samples: 0/0
display  D   display_settings.c:527  _al_score_display_settings       [   0.05155] Score is : 897
display  D   display_settings.c:212  debug_display_settings           [   0.05158] color: 16 (rgba 5650), depth: 16, stencil: 0, acc: 0000, samples: 2/1
display  D   display_settings.c:527  _al_score_display_settings       [   0.05161] Score is : 726
display  D   display_settings.c:212  debug_display_settings           [   0.05164] color: 16 (rgba 5650), depth: 16, stencil: 0, acc: 0000, samples: 3/1
display  D   display_settings.c:527  _al_score_display_settings       [   0.05168] Score is : 721
display  D   display_settings.c:212  debug_display_settings           [   0.05171] color: 32 (rgba 8880), depth: 0, stencil: 0, acc: 0000, samples: 0/0
display  D   display_settings.c:398  _al_score_display_settings       [   0.05174] Single Buffer requirement not met.
display  D   display_settings.c:212  debug_display_settings           [   0.05177] color: 32 (rgba 8880), depth: 0, stencil: 0, acc: 0000, samples: 0/0
display  D   display_settings.c:398  _al_score_display_settings       [   0.05181] Single Buffer requirement not met.
display  D   display_settings.c:212  debug_display_settings           [   0.05184] color: 32 (rgba 8880), depth: 0, stencil: 0, acc: 0000, samples: 2/1
display  D   display_settings.c:398  _al_score_display_settings       [   0.05187] Single Buffer requirement not met.
display  D   display_settings.c:212  debug_display_settings           [   0.05190] color: 32 (rgba 8880), depth: 0, stencil: 0, acc: 0000, samples: 3/1
display  D   display_settings.c:398  _al_score_display_settings       [   0.05194] Single Buffer requirement not met.
display  D   display_settings.c:212  debug_display_settings           [   0.05196] color: 32 (rgba 8880), depth: 24, stencil: 8, acc: 0000, samples: 0/0
display  D   display_settings.c:398  _al_score_display_settings       [   0.05200] Single Buffer requirement not met.
display  D   display_settings.c:212  debug_display_settings           [   0.05203] color: 32 (rgba 8880), depth: 24, stencil: 8, acc: 0000, samples: 0/0
display  D   display_settings.c:398  _al_score_display_settings       [   0.05207] Single Buffer requirement not met.
display  D   display_settings.c:212  debug_display_settings           [   0.05210] color: 32 (rgba 8880), depth: 24, stencil: 8, acc: 0000, samples: 2/1
display  D   display_settings.c:398  _al_score_display_settings       [   0.05213] Single Buffer requirement not met.
display  D   display_settings.c:212  debug_display_settings           [   0.05216] color: 32 (rgba 8880), depth: 24, stencil: 8, acc: 0000, samples: 3/1
display  D   display_settings.c:398  _al_score_display_settings       [   0.05220] Single Buffer requirement not met.
display  D   display_settings.c:212  debug_display_settings           [   0.05222] color: 32 (rgba 8880), depth: 24, stencil: 0, acc: 0000, samples: 0/0
display  D   display_settings.c:398  _al_score_display_settings       [   0.05226] Single Buffer requirement not met.
display  D   display_settings.c:212  debug_display_settings           [   0.05229] color: 32 (rgba 8880), depth: 24, stencil: 0, acc: 0000, samples: 0/0
display  D   display_settings.c:398  _al_score_display_settings       [   0.05233] Single Buffer requirement not met.
display  D   display_settings.c:212  debug_display_settings           [   0.05236] color: 32 (rgba 8880), depth: 24, stencil: 0, acc: 0000, samples: 2/1
display  D   display_settings.c:398  _al_score_display_settings       [   0.05240] Single Buffer requirement not met.
display  D   display_settings.c:212  debug_display_settings           [   0.05243] color: 32 (rgba 8880), depth: 24, stencil: 0, acc: 0000, samples: 3/1
display  D   display_settings.c:398  _al_score_display_settings       [   0.05247] Single Buffer requirement not met.
display  D   display_settings.c:212  debug_display_settings           [   0.05250] color: 32 (rgba 8880), depth: 16, stencil: 0, acc: 0000, samples: 0/0
display  D   display_settings.c:398  _al_score_display_settings       [   0.05253] Single Buffer requirement not met.
display  D   display_settings.c:212  debug_display_settings           [   0.05256] color: 32 (rgba 8880), depth: 16, stencil: 0, acc: 0000, samples: 0/0
display  D   display_settings.c:398  _al_score_display_settings       [   0.05260] Single Buffer requirement not met.
display  D   display_settings.c:212  debug_display_settings           [   0.05263] color: 32 (rgba 8880), depth: 16, stencil: 0, acc: 0000, samples: 2/1
display  D   display_settings.c:398  _al_score_display_settings       [   0.05267] Single Buffer requirement not met.
display  D   display_settings.c:212  debug_display_settings           [   0.05270] color: 32 (rgba 8880), depth: 16, stencil: 0, acc: 0000, samples: 3/1
display  D   display_settings.c:398  _al_score_display_settings       [   0.05274] Single Buffer requirement not met.
display  D   display_settings.c:212  debug_display_settings           [   0.05277] color: 16 (rgba 5650), depth: 0, stencil: 0, acc: 0000, samples: 0/0
display  D   display_settings.c:398  _al_score_display_settings       [   0.05281] Single Buffer requirement not met.
display  D   display_settings.c:212  debug_display_settings           [   0.05284] color: 16 (rgba 5650), depth: 0, stencil: 0, acc: 0000, samples: 0/0
display  D   display_settings.c:398  _al_score_display_settings       [   0.05288] Single Buffer requirement not met.
display  D   display_settings.c:212  debug_display_settings           [   0.05291] color: 16 (rgba 5650), depth: 0, stencil: 0, acc: 0000, samples: 2/1
display  D   display_settings.c:398  _al_score_display_settings       [   0.05294] Single Buffer requirement not met.
display  D   display_settings.c:212  debug_display_settings           [   0.05297] color: 16 (rgba 5650), depth: 0, stencil: 0, acc: 0000, samples: 3/1
display  D   display_settings.c:398  _al_score_display_settings       [   0.05301] Single Buffer requirement not met.
display  D   display_settings.c:212  debug_display_settings           [   0.05304] color: 16 (rgba 5650), depth: 24, stencil: 8, acc: 0000, samples: 0/0
display  D   display_settings.c:398  _al_score_display_settings       [   0.05308] Single Buffer requirement not met.
display  D   display_settings.c:212  debug_display_settings           [   0.05311] color: 16 (rgba 5650), depth: 24, stencil: 8, acc: 0000, samples: 0/0
display  D   display_settings.c:398  _al_score_display_settings       [   0.05314] Single Buffer requirement not met.
display  D   display_settings.c:212  debug_display_settings           [   0.05317] color: 16 (rgba 5650), depth: 24, stencil: 8, acc: 0000, samples: 2/1
display  D   display_settings.c:398  _al_score_display_settings       [   0.05321] Single Buffer requirement not met.
display  D   display_settings.c:212  debug_display_settings           [   0.05324] color: 16 (rgba 5650), depth: 24, stencil: 8, acc: 0000, samples: 3/1
display  D   display_settings.c:398  _al_score_display_settings       [   0.05333] Single Buffer requirement not met.
display  D   display_settings.c:212  debug_display_settings           [   0.05336] color: 16 (rgba 5650), depth: 24, stencil: 0, acc: 0000, samples: 0/0
display  D   display_settings.c:398  _al_score_display_settings       [   0.05338] Single Buffer requirement not met.
display  D   display_settings.c:212  debug_display_settings           [   0.05340] color: 16 (rgba 5650), depth: 24, stencil: 0, acc: 0000, samples: 0/0
display  D   display_settings.c:398  _al_score_display_settings       [   0.05343] Single Buffer requirement not met.
display  D   display_settings.c:212  debug_display_settings           [   0.05345] color: 16 (rgba 5650), depth: 24, stencil: 0, acc: 0000, samples: 2/1
display  D   display_settings.c:398  _al_score_display_settings       [   0.05347] Single Buffer requirement not met.
display  D   display_settings.c:212  debug_display_settings           [   0.05349] color: 16 (rgba 5650), depth: 24, stencil: 0, acc: 0000, samples: 3/1
display  D   display_settings.c:398  _al_score_display_settings       [   0.05351] Single Buffer requirement not met.
display  D   display_settings.c:212  debug_display_settings           [   0.05354] color: 16 (rgba 5650), depth: 16, stencil: 0, acc: 0000, samples: 0/0
display  D   display_settings.c:398  _al_score_display_settings       [   0.05357] Single Buffer requirement not met.
display  D   display_settings.c:212  debug_display_settings           [   0.05358] color: 16 (rgba 5650), depth: 16, stencil: 0, acc: 0000, samples: 0/0
display  D   display_settings.c:398  _al_score_display_settings       [   0.05361] Single Buffer requirement not met.
display  D   display_settings.c:212  debug_display_settings           [   0.05363] color: 16 (rgba 5650), depth: 16, stencil: 0, acc: 0000, samples: 2/1
display  D   display_settings.c:398  _al_score_display_settings       [   0.05365] Single Buffer requirement not met.
display  D   display_settings.c:212  debug_display_settings           [   0.05367] color: 16 (rgba 5650), depth: 16, stencil: 0, acc: 0000, samples: 3/1
display  D   display_settings.c:398  _al_score_display_settings       [   0.05370] Single Buffer requirement not met.
display  D   display_settings.c:212  debug_display_settings           [   0.05372] color: 32 (rgba 8880), depth: 0, stencil: 0, acc: 0000, samples: 0/0
display  D   display_settings.c:527  _al_score_display_settings       [   0.05374] Score is : 769
display  D   display_settings.c:212  debug_display_settings           [   0.05376] color: 32 (rgba 8880), depth: 0, stencil: 0, acc: 0000, samples: 0/0
display  D   display_settings.c:527  _al_score_display_settings       [   0.05378] Score is : 769
display  D   display_settings.c:212  debug_display_settings           [   0.05380] color: 32 (rgba 8880), depth: 0, stencil: 0, acc: 0000, samples: 2/1
display  D   display_settings.c:527  _al_score_display_settings       [   0.05382] Score is : 598
display  D   display_settings.c:212  debug_display_settings           [   0.05384] color: 32 (rgba 8880), depth: 0, stencil: 0, acc: 0000, samples: 3/1
display  D   display_settings.c:527  _al_score_display_settings       [   0.05387] Score is : 593
display  D   display_settings.c:212  debug_display_settings           [   0.05389] color: 32 (rgba 8880), depth: 24, stencil: 8, acc: 0000, samples: 0/0
display  D   display_settings.c:527  _al_score_display_settings       [   0.05391] Score is : 769
display  D   display_settings.c:212  debug_display_settings           [   0.05393] color: 32 (rgba 8880), depth: 24, stencil: 8, acc: 0000, samples: 0/0
display  D   display_settings.c:527  _al_score_display_settings       [   0.05395] Score is : 769
display  D   display_settings.c:212  debug_display_settings           [   0.05397] color: 32 (rgba 8880), depth: 24, stencil: 8, acc: 0000, samples: 2/1
display  D   display_settings.c:527  _al_score_display_settings       [   0.05400] Score is : 598
display  D   display_settings.c:212  debug_display_settings           [   0.05402] color: 32 (rgba 8880), depth: 24, stencil: 8, acc: 0000, samples: 3/1
display  D   display_settings.c:527  _al_score_display_settings       [   0.05405] Score is : 593
display  D   display_settings.c:212  debug_display_settings           [   0.05406] color: 32 (rgba 8880), depth: 24, stencil: 0, acc: 0000, samples: 0/0
display  D   display_settings.c:527  _al_score_display_settings       [   0.05409] Score is : 769
display  D   display_settings.c:212  debug_display_settings           [   0.05411] color: 32 (rgba 8880), depth: 24, stencil: 0, acc: 0000, samples: 0/0
display  D   display_settings.c:527  _al_score_display_settings       [   0.05413] Score is : 769
display  D   display_settings.c:212  debug_display_settings           [   0.05415] color: 32 (rgba 8880), depth: 24, stencil: 0, acc: 0000, samples: 2/1
display  D   display_settings.c:527  _al_score_display_settings       [   0.05417] Score is : 598
display  D   display_settings.c:212  debug_display_settings           [   0.05419] color: 32 (rgba 8880), depth: 24, stencil: 0, acc: 0000, samples: 3/1
display  D   display_settings.c:527  _al_score_display_settings       [   0.05422] Score is : 593
display  D   display_settings.c:212  debug_display_settings           [   0.05423] color: 32 (rgba 8880), depth: 16, stencil: 0, acc: 0000, samples: 0/0
display  D   display_settings.c:527  _al_score_display_settings       [   0.05426] Score is : 769
display  D   display_settings.c:212  debug_display_settings           [   0.05428] color: 32 (rgba 8880), depth: 16, stencil: 0, acc: 0000, samples: 0/0
display  D   display_settings.c:527  _al_score_display_settings       [   0.05430] Score is : 769
display  D   display_settings.c:212  debug_display_settings           [   0.05432] color: 32 (rgba 8880), depth: 16, stencil: 0, acc: 0000, samples: 2/1
display  D   display_settings.c:527  _al_score_display_settings       [   0.05434] Score is : 598
display  D   display_settings.c:212  debug_display_settings           [   0.05436] color: 32 (rgba 8880), depth: 16, stencil: 0, acc: 0000, samples: 3/1
display  D   display_settings.c:527  _al_score_display_settings       [   0.05438] Score is : 593
display  D   display_settings.c:212  debug_display_settings           [   0.05440] color: 16 (rgba 5650), depth: 0, stencil: 0, acc: 0000, samples: 0/0
display  D   display_settings.c:527  _al_score_display_settings       [   0.05443] Score is : 769
display  D   display_settings.c:212  debug_display_settings           [   0.05444] color: 16 (rgba 5650), depth: 0, stencil: 0, acc: 0000, samples: 0/0
display  D   display_settings.c:527  _al_score_display_settings       [   0.05447] Score is : 769
display  D   display_settings.c:212  debug_display_settings           [   0.05449] color: 16 (rgba 5650), depth: 0, stencil: 0, acc: 0000, samples: 2/1
display  D   display_settings.c:527  _al_score_display_settings       [   0.05452] Score is : 598
display  D   display_settings.c:212  debug_display_settings           [   0.05454] color: 16 (rgba 5650), depth: 0, stencil: 0, acc: 0000, samples: 3/1
display  D   display_settings.c:527  _al_score_display_settings       [   0.05456] Score is : 593
display  D   display_settings.c:212  debug_display_settings           [   0.05458] color: 16 (rgba 5650), depth: 24, stencil: 8, acc: 0000, samples: 0/0
display  D   display_settings.c:527  _al_score_display_settings       [   0.05460] Score is : 769
display  D   display_settings.c:212  debug_display_settings           [   0.05462] color: 16 (rgba 5650), depth: 24, stencil: 8, acc: 0000, samples: 0/0
display  D   display_settings.c:527  _al_score_display_settings       [   0.05464] Score is : 769
display  D   display_settings.c:212  debug_display_settings           [   0.05466] color: 16 (rgba 5650), depth: 24, stencil: 8, acc: 0000, samples: 2/1
display  D   display_settings.c:527  _al_score_display_settings       [   0.05469] Score is : 598
display  D   display_settings.c:212  debug_display_settings           [   0.05471] color: 16 (rgba 5650), depth: 24, stencil: 8, acc: 0000, samples: 3/1
display  D   display_settings.c:527  _al_score_display_settings       [   0.05473] Score is : 593
display  D   display_settings.c:212  debug_display_settings           [   0.05476] color: 16 (rgba 5650), depth: 24, stencil: 0, acc: 0000, samples: 0/0
display  D   display_settings.c:527  _al_score_display_settings       [   0.05478] Score is : 769
display  D   display_settings.c:212  debug_display_settings           [   0.05480] color: 16 (rgba 5650), depth: 24, stencil: 0, acc: 0000, samples: 0/0
display  D   display_settings.c:527  _al_score_display_settings       [   0.05482] Score is : 769
display  D   display_settings.c:212  debug_display_settings           [   0.05484] color: 16 (rgba 5650), depth: 24, stencil: 0, acc: 0000, samples: 2/1
display  D   display_settings.c:527  _al_score_display_settings       [   0.05486] Score is : 598
display  D   display_settings.c:212  debug_display_settings           [   0.05488] color: 16 (rgba 5650), depth: 24, stencil: 0, acc: 0000, samples: 3/1
display  D   display_settings.c:527  _al_score_display_settings       [   0.05491] Score is : 593
display  D   display_settings.c:212  debug_display_settings           [   0.05494] color: 16 (rgba 5650), depth: 16, stencil: 0, acc: 0000, samples: 0/0
display  D   display_settings.c:527  _al_score_display_settings       [   0.05497] Score is : 769
display  D   display_settings.c:212  debug_display_settings           [   0.05499] color: 16 (rgba 5650), depth: 16, stencil: 0, acc: 0000, samples: 0/0
display  D   display_settings.c:527  _al_score_display_settings       [   0.05501] Score is : 769
display  D   display_settings.c:212  debug_display_settings           [   0.05503] color: 16 (rgba 5650), depth: 16, stencil: 0, acc: 0000, samples: 2/1
display  D   display_settings.c:527  _al_score_display_settings       [   0.05506] Score is : 598
display  D   display_settings.c:212  debug_display_settings           [   0.05507] color: 16 (rgba 5650), depth: 16, stencil: 0, acc: 0000, samples: 3/1
display  D   display_settings.c:527  _al_score_display_settings       [   0.05509] Score is : 593
display  D   display_settings.c:212  debug_display_settings           [   0.05511] color: 32 (rgba 8880), depth: 0, stencil: 0, acc: 0000, samples: 0/0
display  D   display_settings.c:398  _al_score_display_settings       [   0.05513] Single Buffer requirement not met.
display  D   display_settings.c:212  debug_display_settings           [   0.05515] color: 32 (rgba 8880), depth: 0, stencil: 0, acc: 0000, samples: 0/0
display  D   display_settings.c:398  _al_score_display_settings       [   0.05517] Single Buffer requirement not met.
display  D   display_settings.c:212  debug_display_settings           [   0.05519] color: 32 (rgba 8880), depth: 0, stencil: 0, acc: 0000, samples: 2/1
display  D   display_settings.c:398  _al_score_display_settings       [   0.05521] Single Buffer requirement not met.
display  D   display_settings.c:212  debug_display_settings           [   0.05523] color: 32 (rgba 8880), depth: 0, stencil: 0, acc: 0000, samples: 3/1
display  D   display_settings.c:398  _al_score_display_settings       [   0.05525] Single Buffer requirement not met.
display  D   display_settings.c:212  debug_display_settings           [   0.05527] color: 32 (rgba 8880), depth: 24, stencil: 8, acc: 0000, samples: 0/0
display  D   display_settings.c:398  _al_score_display_settings       [   0.05529] Single Buffer requirement not met.
display  D   display_settings.c:212  debug_display_settings           [   0.05531] color: 32 (rgba 8880), depth: 24, stencil: 8, acc: 0000, samples: 0/0
display  D   display_settings.c:398  _al_score_display_settings       [   0.05533] Single Buffer requirement not met.
display  D   display_settings.c:212  debug_display_settings           [   0.05535] color: 32 (rgba 8880), depth: 24, stencil: 8, acc: 0000, samples: 2/1
display  D   display_settings.c:398  _al_score_display_settings       [   0.05537] Single Buffer requirement not met.
display  D   display_settings.c:212  debug_display_settings           [   0.05539] color: 32 (rgba 8880), depth: 24, stencil: 8, acc: 0000, samples: 3/1
display  D   display_settings.c:398  _al_score_display_settings       [   0.05541] Single Buffer requirement not met.
display  D   display_settings.c:212  debug_display_settings           [   0.05543] color: 32 (rgba 8880), depth: 24, stencil: 0, acc: 0000, samples: 0/0
display  D   display_settings.c:398  _al_score_display_settings       [   0.05545] Single Buffer requirement not met.
display  D   display_settings.c:212  debug_display_settings           [   0.05547] color: 32 (rgba 8880), depth: 24, stencil: 0, acc: 0000, samples: 0/0
display  D   display_settings.c:398  _al_score_display_settings       [   0.05549] Single Buffer requirement not met.
display  D   display_settings.c:212  debug_display_settings           [   0.05551] color: 32 (rgba 8880), depth: 24, stencil: 0, acc: 0000, samples: 2/1
display  D   display_settings.c:398  _al_score_display_settings       [   0.05553] Single Buffer requirement not met.
display  D   display_settings.c:212  debug_display_settings           [   0.05555] color: 32 (rgba 8880), depth: 24, stencil: 0, acc: 0000, samples: 3/1
display  D   display_settings.c:398  _al_score_display_settings       [   0.05557] Single Buffer requirement not met.
display  D   display_settings.c:212  debug_display_settings           [   0.05559] color: 32 (rgba 8880), depth: 16, stencil: 0, acc: 0000, samples: 0/0
display  D   display_settings.c:398  _al_score_display_settings       [   0.05561] Single Buffer requirement not met.
display  D   display_settings.c:212  debug_display_settings           [   0.05563] color: 32 (rgba 8880), depth: 16, stencil: 0, acc: 0000, samples: 0/0
display  D   display_settings.c:398  _al_score_display_settings       [   0.05565] Single Buffer requirement not met.
display  D   display_settings.c:212  debug_display_settings           [   0.05567] color: 32 (rgba 8880), depth: 16, stencil: 0, acc: 0000, samples: 2/1
display  D   display_settings.c:398  _al_score_display_settings       [   0.05569] Single Buffer requirement not met.
display  D   display_settings.c:212  debug_display_settings           [   0.05571] color: 32 (rgba 8880), depth: 16, stencil: 0, acc: 0000, samples: 3/1
display  D   display_settings.c:398  _al_score_display_settings       [   0.05573] Single Buffer requirement not met.
display  D   display_settings.c:212  debug_display_settings           [   0.05575] color: 16 (rgba 5650), depth: 0, stencil: 0, acc: 0000, samples: 0/0
display  D   display_settings.c:398  _al_score_display_settings       [   0.05577] Single Buffer requirement not met.
display  D   display_settings.c:212  debug_display_settings           [   0.05579] color: 16 (rgba 5650), depth: 0, stencil: 0, acc: 0000, samples: 0/0
display  D   display_settings.c:398  _al_score_display_settings       [   0.05581] Single Buffer requirement not met.
display  D   display_settings.c:212  debug_display_settings           [   0.05583] color: 16 (rgba 5650), depth: 0, stencil: 0, acc: 0000, samples: 2/1
display  D   display_settings.c:398  _al_score_display_settings       [   0.05585] Single Buffer requirement not met.
display  D   display_settings.c:212  debug_display_settings           [   0.05587] color: 16 (rgba 5650), depth: 0, stencil: 0, acc: 0000, samples: 3/1
display  D   display_settings.c:398  _al_score_display_settings       [   0.05589] Single Buffer requirement not met.
display  D   display_settings.c:212  debug_display_settings           [   0.05591] color: 16 (rgba 5650), depth: 24, stencil: 8, acc: 0000, samples: 0/0
display  D   display_settings.c:398  _al_score_display_settings       [   0.05593] Single Buffer requirement not met.
display  D   display_settings.c:212  debug_display_settings           [   0.05595] color: 16 (rgba 5650), depth: 24, stencil: 8, acc: 0000, samples: 0/0
display  D   display_settings.c:398  _al_score_display_settings       [   0.05601] Single Buffer requirement not met.
display  D   display_settings.c:212  debug_display_settings           [   0.05603] color: 16 (rgba 5650), depth: 24, stencil: 8, acc: 0000, samples: 2/1
display  D   display_settings.c:398  _al_score_display_settings       [   0.05606] Single Buffer requirement not met.
display  D   display_settings.c:212  debug_display_settings           [   0.05608] color: 16 (rgba 5650), depth: 24, stencil: 8, acc: 0000, samples: 3/1
display  D   display_settings.c:398  _al_score_display_settings       [   0.05610] Single Buffer requirement not met.
display  D   display_settings.c:212  debug_display_settings           [   0.05612] color: 16 (rgba 5650), depth: 24, stencil: 0, acc: 0000, samples: 0/0
display  D   display_settings.c:398  _al_score_display_settings       [   0.05614] Single Buffer requirement not met.
display  D   display_settings.c:212  debug_display_settings           [   0.05616] color: 16 (rgba 5650), depth: 24, stencil: 0, acc: 0000, samples: 0/0
display  D   display_settings.c:398  _al_score_display_settings       [   0.05618] Single Buffer requirement not met.
display  D   display_settings.c:212  debug_display_settings           [   0.05620] color: 16 (rgba 5650), depth: 24, stencil: 0, acc: 0000, samples: 2/1
display  D   display_settings.c:398  _al_score_display_settings       [   0.05622] Single Buffer requirement not met.
display  D   display_settings.c:212  debug_display_settings           [   0.05624] color: 16 (rgba 5650), depth: 24, stencil: 0, acc: 0000, samples: 3/1
display  D   display_settings.c:398  _al_score_display_settings       [   0.05626] Single Buffer requirement not met.
display  D   display_settings.c:212  debug_display_settings           [   0.05628] color: 16 (rgba 5650), depth: 16, stencil: 0, acc: 0000, samples: 0/0
display  D   display_settings.c:398  _al_score_display_settings       [   0.05630] Single Buffer requirement not met.
display  D   display_settings.c:212  debug_display_settings           [   0.05632] color: 16 (rgba 5650), depth: 16, stencil: 0, acc: 0000, samples: 0/0
display  D   display_settings.c:398  _al_score_display_settings       [   0.05634] Single Buffer requirement not met.
display  D   display_settings.c:212  debug_display_settings           [   0.05636] color: 16 (rgba 5650), depth: 16, stencil: 0, acc: 0000, samples: 2/1
display  D   display_settings.c:398  _al_score_display_settings       [   0.05638] Single Buffer requirement not met.
display  D   display_settings.c:212  debug_display_settings           [   0.05640] color: 16 (rgba 5650), depth: 16, stencil: 0, acc: 0000, samples: 3/1
display  D   display_settings.c:398  _al_score_display_settings       [   0.05642] Single Buffer requirement not met.
d3d      D         d3d_disp.cpp:1669 d3d_create_display_internals     [   0.05647] Trying format 0.
d3d      I         d3d_disp.cpp:1344 d3d_display_thread_proc          [   0.05717] Chose a display format: 23
d3d      I         d3d_disp.cpp:1413 d3d_display_thread_proc          [   0.05720] Normal window.
d3d      I         d3d_disp.cpp:781  d3d_create_device                [   0.07999] Using no depth stencil buffer
d3d      D         d3d_disp.cpp:839  d3d_create_device                [   0.12006] BeginScene succeeded in create_device
d3d      D         d3d_disp.cpp:847  d3d_create_device                [   0.12011] Success
d3d      D         d3d_disp.cpp:1692 d3d_create_display_internals     [   0.12014] Resumed after wait.
d3d      I         d3d_disp.cpp:1725 d3d_create_display_internals     [   0.12019] Format 0 succeeded.
d3d      D         d3d_disp.cpp:1756 d3d_create_display_internals     [   0.12022] Returning d3d_display: 00FD64E0
d3d      D         d3d_disp.cpp:1781 d3d_create_display_locked        [   0.12025] al_display=00FD64E0
d3d      D         d3d_disp.cpp:1782 d3d_create_display_locked        [   0.12026] al_display->vt=00FF21C8
system   D            wsystem.c:721  maybe_parent_dir                 [   0.12044] Also searching C:\Workspace\GravitySimulator\GravitySimulator\
system   W            wsystem.c:775  _al_win_safe_load_library        [   0.12114] PathFindOnPath failed to find d3dx9_43.dll
system   D            wsystem.c:721  maybe_parent_dir                 [   0.12124] Also searching C:\Workspace\GravitySimulator\GravitySimulator\
system   W            wsystem.c:775  _al_win_safe_load_library        [   0.12173] PathFindOnPath failed to find d3dx9_42.dll
system   D            wsystem.c:721  maybe_parent_dir                 [   0.12182] Also searching C:\Workspace\GravitySimulator\GravitySimulator\
system   W            wsystem.c:775  _al_win_safe_load_library        [   0.12224] PathFindOnPath failed to find d3dx9_41.dll
system   D            wsystem.c:721  maybe_parent_dir                 [   0.12238] Also searching C:\Workspace\GravitySimulator\GravitySimulator\
system   W            wsystem.c:775  _al_win_safe_load_library        [   0.12292] PathFindOnPath failed to find d3dx9_40.dll
system   D            wsystem.c:721  maybe_parent_dir                 [   0.12301] Also searching C:\Workspace\GravitySimulator\GravitySimulator\
system   D            wsystem.c:771  _al_win_safe_load_library        [   0.12312] PathFindOnPath found: C:\WINDOWS\system32\d3dx9_39.dll
system   D            wsystem.c:682  load_library_at_path             [   0.12315] Calling LoadLibrary C:\WINDOWS\system32\d3dx9_39.dll
system   I            wsystem.c:685  load_library_at_path             [   0.12600] Loaded C:\WINDOWS\system32\d3dx9_39.dll
d3dx9    I        d3d_d3dx9.cpp:88   _imp_load_d3dx9_module_version   [   0.12607] Module "d3dx9_39.dll" loaded.
dtor     D               dtor.c:196  _al_register_destructor          [   0.12617] added dtor for queue 058E5F30, func 0F9B2383
dtor     D               dtor.c:227  _al_unregister_destructor        [   5.92651] removed dtor for timer 00F684E8
d3d      I         d3d_disp.cpp:901  d3d_destroy_display              [   5.92657] destroying display 00FD64E0 (current 00000000)
d3d      D         d3d_disp.cpp:885  d3d_destroy_display_internals    [   5.92834] waiting for display 00FD64E0's thread to end
d3d      W         d3d_disp.cpp:595  d3d_destroy_device               [   5.93634] d3d_destroy_device: ref count not 0
d3d      I         d3d_disp.cpp:1549 d3d_display_thread_proc          [   5.95496] d3d display thread exits
dtor     D               dtor.c:227  _al_unregister_destructor        [   5.95657] removed dtor for queue 058E5F30
